<?xml version="1.0" encoding="UTF-8"?>
<robot generator="Robot 7.0 (Python 3.11.0 on darwin)" generated="2024-04-12T13:37:31.025488" rpa="false" schemaversion="5">
<suite id="s1" name="Test" source="/Users/rahulbhoyar/Library/CloudStorage/GoogleDrive-rahulbhoyaroffice@gmail.com/My Drive/Colab Notebooks/python_projects/Robot-Framework-Tutorial/test.robot">
<kw name="Create Output Directory" type="SETUP">
<kw name="Create Directory">
<msg time="2024-04-12T13:37:31.035672" level="FAIL">No keyword with name 'Create Directory' found.</msg>
<arg>output</arg>
<status status="FAIL" start="2024-04-12T13:37:31.035659" elapsed="0.000031">No keyword with name 'Create Directory' found.</status>
</kw>
<status status="FAIL" start="2024-04-12T13:37:31.035145" elapsed="0.000792">No keyword with name 'Create Directory' found.</status>
</kw>
<test id="s1-t1" name="Login User with Password" line="10">
<tag>positive</tag>
<status status="FAIL" start="2024-04-12T13:37:31.035968" elapsed="0.000121">Parent suite setup failed:
No keyword with name 'Create Directory' found.</status>
</test>
<test id="s1-t2" name="Denied Login with Wrong Password" line="16">
<tag>negative</tag>
<status status="FAIL" start="2024-04-12T13:37:31.036166" elapsed="0.000090">Parent suite setup failed:
No keyword with name 'Create Directory' found.</status>
</test>
<doc>A test suite for valid login.

Keywords are imported from the resource file</doc>
<status status="FAIL" start="2024-04-12T13:37:31.025944" elapsed="0.010440">Suite setup failed:
No keyword with name 'Create Directory' found.</status>
</suite>
<statistics>
<total>
<stat pass="0" fail="2" skip="0">All Tests</stat>
</total>
<tag>
<stat pass="0" fail="1" skip="0">negative</stat>
<stat pass="0" fail="1" skip="0">positive</stat>
</tag>
<suite>
<stat pass="0" fail="2" skip="0" id="s1" name="Test">Test</stat>
</suite>
</statistics>
<errors>
<msg time="2024-04-12T13:37:31.034871" level="ERROR">Error in file '/Users/rahulbhoyar/Library/CloudStorage/GoogleDrive-rahulbhoyaroffice@gmail.com/My Drive/Colab Notebooks/python_projects/Robot-Framework-Tutorial/test.robot' on line 5: Resource file 'keywords.resource' does not exist.</msg>
</errors>
</robot>
